<?xml version="1.0" encoding="UTF-8"?>
<!-- Generated by org.testng.reporters.JUnitReportReporter -->
<testsuite hostname="DESKTOP-A9F4ONV" failures="0" tests="1" name="com.rs.non_bdd.GetAllEmployees" time="4.831" errors="0" timestamp="2023-04-25T00:02:25 IST" skipped="0">
  <testcase classname="com.rs.non_bdd.GetAllEmployees" name="getAllEmployees" time="4.831"/>
  <system-out/>
</testsuite> <!-- com.rs.non_bdd.GetAllEmployees -->
